<?xml version="1.0" encoding="UTF-8"?>
<!-- Generated by org.testng.reporters.JUnitReportReporter -->
<testsuite skipped="0" hostname="DESKTOP-CU28HKJ" name="com.autotest.testng.ParameterTest" tests="1" failures="0" timestamp="2020-03-23T17:19:24 CST" time="0.004" errors="0">
  <testcase name="parameterTest2" time="0.004" classname="com.autotest.testng.ParameterTest"/>
</testsuite> <!-- com.autotest.testng.ParameterTest -->
