<?xml version="1.0" encoding="UTF-8"?>
<!-- Generated by org.testng.reporters.JUnitReportReporter -->
<testsuite skipped="0" hostname="DESKTOP-CU28HKJ" name="com.autotest.testng.suite.PayTest" tests="1" failures="0" timestamp="2020-03-23T02:28:16 CST" time="0.002" errors="0">
  <testcase name="pay" time="0.002" classname="com.autotest.testng.suite.PayTest"/>
</testsuite> <!-- com.autotest.testng.suite.PayTest -->
