<?xml version="1.0" encoding="UTF-8"?>
<!-- Generated by org.testng.reporters.JUnitReportReporter -->
<testsuite skipped="0" hostname="DESKTOP-CU28HKJ" name="com.autotest.testng.suite.LoginTest" tests="1" failures="0" timestamp="2020-03-23T02:14:46 CST" time="0.010" errors="0">
  <testcase name="login" time="0.010" classname="com.autotest.testng.suite.LoginTest"/>
</testsuite> <!-- com.autotest.testng.suite.LoginTest -->
