<?xml version="1.0" encoding="UTF-8"?>
<!-- Generated by org.testng.reporters.JUnitReportReporter -->
<testsuite skipped="0" hostname="DESKTOP-CU28HKJ" name="com.autotest.testng.DataProviderTest" tests="7" failures="0" timestamp="2020-03-23T15:48:20 CST" time="0.058" errors="0">
  <testcase name="dataProviderTest" time="0.013" classname="com.autotest.testng.DataProviderTest"/>
  <testcase name="dataProviderTest" time="0.004" classname="com.autotest.testng.DataProviderTest"/>
  <testcase name="test1" time="0.018" classname="com.autotest.testng.DataProviderTest"/>
  <testcase name="dataProviderTest" time="0.004" classname="com.autotest.testng.DataProviderTest"/>
  <testcase name="test2" time="0.010" classname="com.autotest.testng.DataProviderTest"/>
  <testcase name="test2" time="0.003" classname="com.autotest.testng.DataProviderTest"/>
  <testcase name="test1" time="0.006" classname="com.autotest.testng.DataProviderTest"/>
</testsuite> <!-- com.autotest.testng.DataProviderTest -->
