<?xml version="1.0" encoding="UTF-8"?>
<!-- Generated by org.testng.reporters.JUnitReportReporter -->
<testsuite hostname="DELL-PC" name="com.autotest.httpclient.HttpclientDemo" tests="1" failures="0" timestamp="6 Mar 2020 17:33:19 GMT" time="1.518" errors="0">
  <testcase name="test1" time="1.518" classname="com.autotest.httpclient.HttpclientDemo"/>
</testsuite> <!-- com.autotest.httpclient.HttpclientDemo -->
