<?xml version="1.0" encoding="UTF-8"?>
<!-- Generated by org.testng.reporters.JUnitReportReporter -->
<testsuite skipped="1" hostname="DESKTOP-CU28HKJ" name="com.autotest.testng.IgnoreTest" tests="3" failures="0" timestamp="2020-03-23T01:26:04 CST" time="0.021" errors="0">
  <testcase name="test3" time="0.005" classname="com.autotest.testng.IgnoreTest"/>
  <testcase name="test1" time="0.016" classname="com.autotest.testng.IgnoreTest"/>
  <testcase name="test2" classname="com.autotest.testng.IgnoreTest">
    <skipped/>
  </testcase> <!-- test2 -->
</testsuite> <!-- com.autotest.testng.IgnoreTest -->
