<?xml version="1.0" encoding="UTF-8"?>
<!-- Generated by org.testng.reporters.JUnitReportReporter -->
<testsuite skipped="0" hostname="DESKTOP-CU28HKJ" name="com.autotest.testng.ClassOnGroup4" tests="2" failures="0" timestamp="2020-03-23T17:19:24 CST" time="0.021" errors="0">
  <testcase name="test2" time="0.008" classname="com.autotest.testng.ClassOnGroup4"/>
  <testcase name="test1" time="0.013" classname="com.autotest.testng.ClassOnGroup4"/>
</testsuite> <!-- com.autotest.testng.ClassOnGroup4 -->
