<?xml version="1.0" encoding="UTF-8"?>
<!-- Generated by org.testng.reporters.JUnitReportReporter -->
<testsuite skipped="0" hostname="DESKTOP-CU28HKJ" name="com.autotest.testng.TestNGDemo" tests="1" failures="0" timestamp="2020-03-23T01:27:06 CST" time="0.009" errors="0">
  <testcase name="testCase1" time="0.009" classname="com.autotest.testng.TestNGDemo"/>
</testsuite> <!-- com.autotest.testng.TestNGDemo -->
