<?xml version="1.0" encoding="UTF-8"?>
<!-- Generated by org.testng.reporters.JUnitReportReporter -->
<testsuite skipped="0" hostname="DESKTOP-CU28HKJ" name="com.autotest.testng.MethodOnGroup" tests="2" failures="0" timestamp="2020-03-23T17:19:24 CST" time="0.026" errors="0">
  <testcase name="test2" time="0.008" classname="com.autotest.testng.MethodOnGroup"/>
  <testcase name="test1" time="0.018" classname="com.autotest.testng.MethodOnGroup"/>
</testsuite> <!-- com.autotest.testng.MethodOnGroup -->
