<?xml version="1.0" encoding="UTF-8"?>
<!-- Generated by org.testng.reporters.JUnitReportReporter -->
<testsuite skipped="0" hostname="DESKTOP-CU28HKJ" name="com.autotest.testng.ExpectedException" tests="1" failures="0" timestamp="2020-03-23T02:43:40 CST" time="0.017" errors="0">
  <testcase name="test" time="0.017" classname="com.autotest.testng.ExpectedException"/>
</testsuite> <!-- com.autotest.testng.ExpectedException -->
