<?xml version="1.0" encoding="UTF-8"?>
<!-- Generated by org.testng.reporters.JUnitReportReporter -->
<testsuite skipped="0" hostname="DESKTOP-CU28HKJ" name="com.autotest.testng.MultiThreadAnnotation" tests="10" failures="0" timestamp="2020-03-23T16:39:38 CST" time="0.191" errors="0">
  <testcase name="test" time="0.027" classname="com.autotest.testng.MultiThreadAnnotation"/>
  <testcase name="test" time="0.024" classname="com.autotest.testng.MultiThreadAnnotation"/>
  <testcase name="test" time="0.026" classname="com.autotest.testng.MultiThreadAnnotation"/>
  <testcase name="test" time="0.019" classname="com.autotest.testng.MultiThreadAnnotation"/>
  <testcase name="test" time="0.015" classname="com.autotest.testng.MultiThreadAnnotation"/>
  <testcase name="test" time="0.008" classname="com.autotest.testng.MultiThreadAnnotation"/>
  <testcase name="test" time="0.011" classname="com.autotest.testng.MultiThreadAnnotation"/>
  <testcase name="test" time="0.027" classname="com.autotest.testng.MultiThreadAnnotation"/>
  <testcase name="test" time="0.027" classname="com.autotest.testng.MultiThreadAnnotation"/>
  <testcase name="test" time="0.007" classname="com.autotest.testng.MultiThreadAnnotation"/>
</testsuite> <!-- com.autotest.testng.MultiThreadAnnotation -->
