<?xml version="1.0" encoding="UTF-8"?>
<!-- Generated by org.testng.reporters.JUnitReportReporter -->
<testsuite skipped="0" hostname="DESKTOP-CU28HKJ" name="itest.WebTest" tests="1" failures="0" timestamp="2020-04-01T22:41:27 CST" time="10.343" errors="0">
  <testcase name="f" time="10.343" classname="itest.WebTest"/>
</testsuite> <!-- itest.WebTest -->
