<?xml version="1.0" encoding="UTF-8"?>
<!-- Generated by org.testng.reporters.JUnitReportReporter -->
<testsuite hostname="DELL-PC" name="com.course.cookies.MyCookiesForGet" tests="2" failures="0" timestamp="6 Mar 2020 16:12:01 GMT" time="8.679" errors="0">
  <testcase name="getWithCookies" time="0.499" classname="com.course.cookies.MyCookiesForGet"/>
  <testcase name="getCookies" time="8.180" classname="com.course.cookies.MyCookiesForGet"/>
</testsuite> <!-- com.course.cookies.MyCookiesForGet -->
